# Logfile created on Sun May 03 08:47:22 -0300 2009  [4;36;1mSQL (0.4ms)[0m   [0;1m SELECT name
 FROM sqlite_master
 WHERE type = 'table' AND NOT name = 'sqlite_sequence'
[0m
  [4;35;1mSQL (0.3ms)[0m   [0mselect sqlite_version(*)[0m
  [4;36;1mSQL (7.6ms)[0m   [0;1mCREATE TABLE "schema_migrations" ("version" varchar(255) NOT NULL) [0m
  [4;35;1mSQL (4.4ms)[0m   [0mCREATE UNIQUE INDEX "unique_schema_migrations" ON "schema_migrations" ("version")[0m
  [4;36;1mSQL (0.3ms)[0m   [0;1m SELECT name
 FROM sqlite_master
 WHERE type = 'table' AND NOT name = 'sqlite_sequence'
[0m
  [4;35;1mSQL (0.2ms)[0m   [0mSELECT version FROM schema_migrations[0m
Migrating to CreateUsers (20090418104833)
  [4;36;1mSQL (0.6ms)[0m   [0;1mCREATE TABLE "users" ("id" INTEGER PRIMARY KEY AUTOINCREMENT NOT NULL, "login" varchar(255), "password" varchar(255), "name" varchar(255), "email" varchar(255), "created_at" datetime, "updated_at" datetime) [0m
  [4;35;1mSQL (0.2ms)[0m   [0mINSERT INTO schema_migrations (version) VALUES ('20090418104833')[0m
Migrating to CreateProjects (20090419111150)
  [4;36;1mSQL (0.6ms)[0m   [0;1mCREATE TABLE "projects" ("id" INTEGER PRIMARY KEY AUTOINCREMENT NOT NULL, "name" varchar(50) NOT NULL, "description" text, "created_at" datetime, "updated_at" datetime) [0m
  [4;35;1mSQL (0.5ms)[0m   [0mCREATE UNIQUE INDEX "index_projects_on_name" ON "projects" ("name")[0m
  [4;36;1mSQL (0.2ms)[0m   [0;1mINSERT INTO schema_migrations (version) VALUES ('20090419111150')[0m
Migrating to CreateTaskTypes (20090419111241)
  [4;35;1mSQL (1.0ms)[0m   [0mCREATE TABLE "task_types" ("id" INTEGER PRIMARY KEY AUTOINCREMENT NOT NULL, "name" varchar(50) NOT NULL, "project_id" integer NOT NULL, "created_at" datetime, "updated_at" datetime) [0m
  [4;36;1mSQL (0.5ms)[0m   [0;1mCREATE UNIQUE INDEX "index_task_types_on_project_id_and_name" ON "task_types" ("project_id", "name")[0m
  [4;35;1mSQL (0.2ms)[0m   [0mINSERT INTO schema_migrations (version) VALUES ('20090419111241')[0m
Migrating to CreateProjectMemberships (20090419111404)
  [4;36;1mSQL (1.2ms)[0m   [0;1mCREATE TABLE "project_memberships" ("id" INTEGER PRIMARY KEY AUTOINCREMENT NOT NULL, "joined" date NOT NULL, "leaved" date, "user_id" integer NOT NULL, "project_id" integer NOT NULL, "created_at" datetime, "updated_at" datetime) [0m
  [4;35;1mSQL (0.5ms)[0m   [0mCREATE UNIQUE INDEX "index_project_memberships_on_user_id_and_project_id" ON "project_memberships" ("user_id", "project_id")[0m
  [4;36;1mSQL (0.2ms)[0m   [0;1mINSERT INTO schema_migrations (version) VALUES ('20090419111404')[0m
Migrating to CreateTimeLogs (20090419111653)
  [4;35;1mSQL (0.6ms)[0m   [0mCREATE TABLE "time_logs" ("id" INTEGER PRIMARY KEY AUTOINCREMENT NOT NULL, "user_id" integer NOT NULL, "task_type_id" integer NOT NULL, "description" text, "tak_date" date NOT NULL, "worked_hours" time NOT NULL, "created_at" datetime, "updated_at" datetime) [0m
  [4;36;1mSQL (0.3ms)[0m   [0;1mINSERT INTO schema_migrations (version) VALUES ('20090419111653')[0m
Migrating to FixTypo (20090419122241)
  [4;35;1mSQL (1.2ms)[0m   [0mCREATE TEMPORARY TABLE "altered_time_logs" ("id" INTEGER PRIMARY KEY AUTOINCREMENT NOT NULL, "user_id" integer NOT NULL, "task_type_id" integer NOT NULL, "description" text, "task_date" date NOT NULL, "worked_hours" time NOT NULL, "created_at" datetime, "updated_at" datetime) [0m
  [4;36;1mSQL (0.1ms)[0m   [0;1mPRAGMA index_list("time_logs")[0m
  [4;35;1mSQL (0.9ms)[0m   [0mDROP TABLE "time_logs"[0m
  [4;36;1mSQL (0.3ms)[0m   [0;1mCREATE TABLE "time_logs" ("id" INTEGER PRIMARY KEY AUTOINCREMENT NOT NULL, "user_id" integer NOT NULL, "task_type_id" integer NOT NULL, "description" text, "task_date" date NOT NULL, "worked_hours" time NOT NULL, "created_at" datetime, "updated_at" datetime) [0m
  [4;35;1mSQL (0.1ms)[0m   [0mPRAGMA index_list("altered_time_logs")[0m
  [4;36;1mSQL (0.3ms)[0m   [0;1mDROP TABLE "altered_time_logs"[0m
  [4;35;1mSQL (0.2ms)[0m   [0mINSERT INTO schema_migrations (version) VALUES ('20090419122241')[0m
Migrating to CreateDefaultUser (20090419182704)
  [4;36;1mUser Exists (0.3ms)[0m   [0;1mSELECT "users".id FROM "users" WHERE ("users"."login" = 'teste') LIMIT 1[0m
  [4;35;1mUser Exists (0.2ms)[0m   [0mSELECT "users".id FROM "users" WHERE ("users"."email" = 'test@domain.com') LIMIT 1[0m
  [4;36;1mUser Create (0.4ms)[0m   [0;1mINSERT INTO "users" ("name", "created_at", "updated_at", "login", "password", "email") VALUES('Test user', '2009-05-03 11:47:23', '2009-05-03 11:47:23', 'teste', 'teste', 'test@domain.com')[0m
  [4;35;1mSQL (0.3ms)[0m   [0mINSERT INTO schema_migrations (version) VALUES ('20090419182704')[0m
  [4;36;1mSQL (0.6ms)[0m   [0;1m SELECT name
 FROM sqlite_master
 WHERE type = 'table' AND NOT name = 'sqlite_sequence'
[0m
  [4;35;1mSQL (0.5ms)[0m   [0mSELECT version FROM schema_migrations[0m
  [4;36;1mSQL (0.5ms)[0m   [0;1m SELECT name
 FROM sqlite_master
 WHERE type = 'table' AND NOT name = 'sqlite_sequence'
[0m
  [4;35;1mSQL (0.5ms)[0m   [0mPRAGMA index_list("project_memberships")[0m
  [4;36;1mSQL (0.3ms)[0m   [0;1mPRAGMA index_info('index_project_memberships_on_user_id_and_project_id')[0m
  [4;35;1mSQL (0.3ms)[0m   [0mPRAGMA index_list("projects")[0m
  [4;36;1mSQL (0.2ms)[0m   [0;1mPRAGMA index_info('index_projects_on_name')[0m
  [4;35;1mSQL (0.2ms)[0m   [0mPRAGMA index_list("task_types")[0m
  [4;36;1mSQL (0.3ms)[0m   [0;1mPRAGMA index_info('index_task_types_on_project_id_and_name')[0m
  [4;35;1mSQL (0.1ms)[0m   [0mPRAGMA index_list("time_logs")[0m
  [4;36;1mSQL (0.1ms)[0m   [0;1mPRAGMA index_list("users")[0m


Processing ProjectsController#index (for 127.0.0.1 at 2009-05-04 06:41:38) [GET]
Redirected to http://localhost:3000/sessions/new
Filter chain halted as [:login_required] rendered_or_redirected.
Completed in 25ms (DB: 0) | 302 Found [http://localhost/]


Processing SessionsController#new (for 127.0.0.1 at 2009-05-04 06:41:38) [GET]
Rendering template within layouts/sessions
Rendering sessions/new
Completed in 53ms (View: 45, DB: 0) | 200 OK [http://localhost/sessions/new]


Processing SessionsController#create (for 127.0.0.1 at 2009-05-04 06:41:59) [POST]
  Parameters: {"commit"=>"Log On", "authenticity_token"=>"w+du9b92pyngi1HWnpbMLfSieo2ZOcYwMSkNX3uj6/U=", "login"=>"fernando", "password"=>"macaco"}
  [4;36;1mUser Load (2.0ms)[0m   [0;1mSELECT * FROM "users" WHERE ((login = 'fernando' or email = 'fernando') and password = 'macaco') LIMIT 1[0m
Redirected to http://localhost:3000/
Completed in 184ms (DB: 2) | 302 Found [http://localhost/sessions]


Processing ProjectsController#index (for 127.0.0.1 at 2009-05-04 06:41:59) [GET]
  [4;35;1mUser Load (1.0ms)[0m   [0mSELECT * FROM "users" WHERE ("users"."id" = 2) [0m
  [4;36;1mProject Load (0.9ms)[0m   [0;1mSELECT * FROM "projects" [0m
Rendering template within layouts/application
Rendering projects/index
  [4;35;1mProject Load (0.8ms)[0m   [0mSELECT "projects".* FROM "projects" INNER JOIN "project_memberships" ON "projects".id = "project_memberships".project_id WHERE (("project_memberships".user_id = 2) AND ((leaved is null))) [0m
Completed in 369ms (View: 175, DB: 3) | 200 OK [http://localhost/]


Processing ProjectsController#new (for 127.0.0.1 at 2009-05-04 06:44:45) [GET]
  [4;36;1mUser Load (0.9ms)[0m   [0;1mSELECT * FROM "users" WHERE ("users"."id" = 2) [0m
Rendering template within layouts/application
Rendering projects/new
  [4;35;1mProject Load (0.6ms)[0m   [0mSELECT "projects".* FROM "projects" INNER JOIN "project_memberships" ON "projects".id = "project_memberships".project_id WHERE (("project_memberships".user_id = 2) AND ((leaved is null))) [0m
Completed in 80ms (View: 39, DB: 1) | 200 OK [http://localhost/projects/new]


Processing ProjectsController#create (for 127.0.0.1 at 2009-05-04 06:45:12) [POST]
  Parameters: {"commit"=>"Create", "authenticity_token"=>"w+du9b92pyngi1HWnpbMLfSieo2ZOcYwMSkNX3uj6/U=", "project"=>{"name"=>"Criação da UNV", "description"=>"novo cliente"}}
  [4;36;1mUser Load (0.9ms)[0m   [0;1mSELECT * FROM "users" WHERE ("users"."id" = 2) [0m
  [4;35;1mProject Exists (0.5ms)[0m   [0mSELECT "projects".id FROM "projects" WHERE ("projects"."name" = 'Criação da UNV') LIMIT 1[0m
  [4;36;1mProject Create (1.8ms)[0m   [0;1mINSERT INTO "projects" ("name", "created_at", "updated_at", "description") VALUES('Criação da UNV', '2009-05-04 09:45:12', '2009-05-04 09:45:12', 'novo cliente')[0m
Redirected to http://localhost:3000/projects/2
Completed in 229ms (DB: 3) | 302 Found [http://localhost/projects]


Processing ProjectsController#show (for 127.0.0.1 at 2009-05-04 06:45:12) [GET]
  Parameters: {"id"=>"2"}
  [4;35;1mUser Load (0.9ms)[0m   [0mSELECT * FROM "users" WHERE ("users"."id" = 2) [0m
  [4;36;1mProject Load (0.8ms)[0m   [0;1mSELECT * FROM "projects" WHERE ("projects"."id" = 2) [0m
Rendering template within layouts/application
Rendering projects/show
  [4;35;1mUser Load (0.6ms)[0m   [0mSELECT "users".* FROM "users" INNER JOIN "project_memberships" ON "users".id = "project_memberships".user_id WHERE (("project_memberships".project_id = 2) AND ((leaved is null))) [0m
  [4;36;1mTaskType Load (0.5ms)[0m   [0;1mSELECT * FROM "task_types" WHERE ("task_types".project_id = 2) [0m
  [4;35;1mProject Load (0.6ms)[0m   [0mSELECT "projects".* FROM "projects" INNER JOIN "project_memberships" ON "projects".id = "project_memberships".project_id WHERE (("project_memberships".user_id = 2) AND ((leaved is null))) [0m
Completed in 125ms (View: 78, DB: 4) | 200 OK [http://localhost/projects/2]


Processing ProjectMembershipsController#new (for 127.0.0.1 at 2009-05-04 06:45:27) [GET]
  Parameters: {"project_id"=>"2"}
  [4;36;1mUser Load (1.2ms)[0m   [0;1mSELECT * FROM "users" WHERE ("users"."id" = 2) [0m
  [4;35;1mProject Load (0.9ms)[0m   [0mSELECT * FROM "projects" WHERE ("projects"."id" = 2) [0m
Rendering template within layouts/application
Rendering project_memberships/new
  [4;36;1mProject Load (0.6ms)[0m   [0;1mSELECT "projects".* FROM "projects" INNER JOIN "project_memberships" ON "projects".id = "project_memberships".project_id WHERE (("project_memberships".user_id = 2) AND ((leaved is null))) [0m
Completed in 114ms (View: 34, DB: 3) | 200 OK [http://localhost/projects/2/project_memberships/new]


Processing ProjectMembershipsController#create (for 127.0.0.1 at 2009-05-04 06:45:30) [POST]
  Parameters: {"commit"=>"Confirmar associação a projeto", "project_id"=>"2", "authenticity_token"=>"w+du9b92pyngi1HWnpbMLfSieo2ZOcYwMSkNX3uj6/U=", "project_membership"=>{"joined"=>"2009-05-04", "project_id"=>"2", "user_id"=>"2"}}
  [4;35;1mUser Load (0.9ms)[0m   [0mSELECT * FROM "users" WHERE ("users"."id" = 2) [0m
  [4;36;1mCACHE (0.0ms)[0m   [0;1mSELECT * FROM "users" WHERE ("users"."id" = 2) [0m
  [4;35;1mUser Exists (0.6ms)[0m   [0mSELECT "users".id FROM "users" WHERE ("users"."login" = 'fernando' AND "users".id <> 2) LIMIT 1[0m
  [4;36;1mUser Exists (0.4ms)[0m   [0;1mSELECT "users".id FROM "users" WHERE ("users"."email" = 'elefante@gmail.com' AND "users".id <> 2) LIMIT 1[0m
  [4;35;1mProject Load (0.7ms)[0m   [0mSELECT * FROM "projects" WHERE ("projects"."id" = 2) [0m
  [4;36;1mProject Exists (0.4ms)[0m   [0;1mSELECT "projects".id FROM "projects" WHERE ("projects"."name" = 'Criação da UNV' AND "projects".id <> 2) LIMIT 1[0m
  [4;35;1mProjectMembership Create (0.8ms)[0m   [0mINSERT INTO "project_memberships" ("created_at", "joined", "leaved", "project_id", "updated_at", "user_id") VALUES('2009-05-04 09:45:30', '2009-05-04', NULL, 2, '2009-05-04 09:45:30', 2)[0m
Redirected to http://localhost:3000/projects/2/project_memberships/2
Completed in 101ms (DB: 4) | 302 Found [http://localhost/projects/2/project_memberships]


Processing ProjectMembershipsController#show (for 127.0.0.1 at 2009-05-04 06:45:30) [GET]
  Parameters: {"project_id"=>"2", "id"=>"2"}
  [4;36;1mUser Load (0.9ms)[0m   [0;1mSELECT * FROM "users" WHERE ("users"."id" = 2) [0m
  [4;35;1mProjectMembership Load (0.9ms)[0m   [0mSELECT * FROM "project_memberships" WHERE ("project_memberships"."id" = 2) [0m
Rendering template within layouts/application
Rendering project_memberships/show
  [4;36;1mCACHE (0.0ms)[0m   [0;1mSELECT * FROM "users" WHERE ("users"."id" = 2) [0m
  [4;35;1mProject Load (0.8ms)[0m   [0mSELECT * FROM "projects" WHERE ("projects"."id" = 2) [0m
  [4;36;1mProject Load (0.9ms)[0m   [0;1mSELECT "projects".* FROM "projects" INNER JOIN "project_memberships" ON "projects".id = "project_memberships".project_id WHERE (("project_memberships".user_id = 2) AND ((leaved is null))) [0m
Completed in 113ms (View: 71, DB: 3) | 200 OK [http://localhost/projects/2/project_memberships/2]


Processing ProjectsController#index (for 127.0.0.1 at 2009-05-04 06:45:37) [GET]
  [4;35;1mUser Load (1.1ms)[0m   [0mSELECT * FROM "users" WHERE ("users"."id" = 2) [0m
  [4;36;1mProject Load (1.1ms)[0m   [0;1mSELECT * FROM "projects" [0m
Rendering template within layouts/application
Rendering projects/index
  [4;35;1mProject Load (1.0ms)[0m   [0mSELECT "projects".* FROM "projects" INNER JOIN "project_memberships" ON "projects".id = "project_memberships".project_id WHERE (("project_memberships".user_id = 2) AND ((leaved is null))) [0m
Completed in 225ms (View: 33, DB: 3) | 200 OK [http://localhost/projects]


Processing ProjectsController#show (for 127.0.0.1 at 2009-05-04 06:45:40) [GET]
  Parameters: {"id"=>"1"}
  [4;36;1mUser Load (0.9ms)[0m   [0;1mSELECT * FROM "users" WHERE ("users"."id" = 2) [0m
  [4;35;1mProject Load (0.8ms)[0m   [0mSELECT * FROM "projects" WHERE ("projects"."id" = 1) [0m
Rendering template within layouts/application
Rendering projects/show
  [4;36;1mUser Load (1.1ms)[0m   [0;1mSELECT "users".* FROM "users" INNER JOIN "project_memberships" ON "users".id = "project_memberships".user_id WHERE (("project_memberships".project_id = 1) AND ((leaved is null))) [0m
  [4;35;1mTaskType Load (1.1ms)[0m   [0mSELECT * FROM "task_types" WHERE ("task_types".project_id = 1) [0m
  [4;36;1mProject Load (0.9ms)[0m   [0;1mSELECT "projects".* FROM "projects" INNER JOIN "project_memberships" ON "projects".id = "project_memberships".project_id WHERE (("project_memberships".user_id = 2) AND ((leaved is null))) [0m
Completed in 103ms (View: 54, DB: 5) | 200 OK [http://localhost/projects/1]


Processing ProjectMembershipsController#new (for 127.0.0.1 at 2009-05-04 06:45:44) [GET]
  Parameters: {"project_id"=>"1"}
  [4;35;1mUser Load (1.9ms)[0m   [0mSELECT * FROM "users" WHERE ("users"."id" = 2) [0m
  [4;36;1mProject Load (0.9ms)[0m   [0;1mSELECT * FROM "projects" WHERE ("projects"."id" = 1) [0m
Rendering template within layouts/application
Rendering project_memberships/new
  [4;35;1mProject Load (1.0ms)[0m   [0mSELECT "projects".* FROM "projects" INNER JOIN "project_memberships" ON "projects".id = "project_memberships".project_id WHERE (("project_memberships".user_id = 2) AND ((leaved is null))) [0m
Completed in 223ms (View: 18, DB: 4) | 200 OK [http://localhost/projects/1/project_memberships/new]


Processing ProjectMembershipsController#create (for 127.0.0.1 at 2009-05-04 06:45:46) [POST]
  Parameters: {"commit"=>"Confirmar associação a projeto", "project_id"=>"1", "authenticity_token"=>"w+du9b92pyngi1HWnpbMLfSieo2ZOcYwMSkNX3uj6/U=", "project_membership"=>{"joined"=>"2009-05-04", "project_id"=>"1", "user_id"=>"2"}}
  [4;36;1mUser Load (0.9ms)[0m   [0;1mSELECT * FROM "users" WHERE ("users"."id" = 2) [0m
  [4;35;1mCACHE (0.0ms)[0m   [0mSELECT * FROM "users" WHERE ("users"."id" = 2) [0m
  [4;36;1mUser Exists (0.5ms)[0m   [0;1mSELECT "users".id FROM "users" WHERE ("users"."login" = 'fernando' AND "users".id <> 2) LIMIT 1[0m
  [4;35;1mUser Exists (0.4ms)[0m   [0mSELECT "users".id FROM "users" WHERE ("users"."email" = 'elefante@gmail.com' AND "users".id <> 2) LIMIT 1[0m
  [4;36;1mProject Load (0.7ms)[0m   [0;1mSELECT * FROM "projects" WHERE ("projects"."id" = 1) [0m
  [4;35;1mProject Exists (0.4ms)[0m   [0mSELECT "projects".id FROM "projects" WHERE ("projects"."name" = 'Migração Vale' AND "projects".id <> 1) LIMIT 1[0m
  [4;36;1mProjectMembership Create (0.9ms)[0m   [0;1mINSERT INTO "project_memberships" ("created_at", "joined", "leaved", "project_id", "updated_at", "user_id") VALUES('2009-05-04 09:45:47', '2009-05-04', NULL, 1, '2009-05-04 09:45:47', 2)[0m
Redirected to http://localhost:3000/projects/1/project_memberships/3
Completed in 110ms (DB: 4) | 302 Found [http://localhost/projects/1/project_memberships]


Processing ProjectMembershipsController#show (for 127.0.0.1 at 2009-05-04 06:45:47) [GET]
  Parameters: {"project_id"=>"1", "id"=>"3"}
  [4;35;1mUser Load (1.0ms)[0m   [0mSELECT * FROM "users" WHERE ("users"."id" = 2) [0m
  [4;36;1mProjectMembership Load (0.9ms)[0m   [0;1mSELECT * FROM "project_memberships" WHERE ("project_memberships"."id" = 3) [0m
Rendering template within layouts/application
Rendering project_memberships/show
  [4;35;1mCACHE (0.0ms)[0m   [0mSELECT * FROM "users" WHERE ("users"."id" = 2) [0m
  [4;36;1mProject Load (0.8ms)[0m   [0;1mSELECT * FROM "projects" WHERE ("projects"."id" = 1) [0m
  [4;35;1mProject Load (1.1ms)[0m   [0mSELECT "projects".* FROM "projects" INNER JOIN "project_memberships" ON "projects".id = "project_memberships".project_id WHERE (("project_memberships".user_id = 2) AND ((leaved is null))) [0m
Completed in 80ms (View: 38, DB: 4) | 200 OK [http://localhost/projects/1/project_memberships/3]


Processing ProjectsController#index (for 127.0.0.1 at 2009-05-04 06:45:50) [GET]
  [4;36;1mUser Load (1.0ms)[0m   [0;1mSELECT * FROM "users" WHERE ("users"."id" = 2) [0m
  [4;35;1mProject Load (1.1ms)[0m   [0mSELECT * FROM "projects" [0m
Rendering template within layouts/application
Rendering projects/index
  [4;36;1mProject Load (1.2ms)[0m   [0;1mSELECT "projects".* FROM "projects" INNER JOIN "project_memberships" ON "projects".id = "project_memberships".project_id WHERE (("project_memberships".user_id = 2) AND ((leaved is null))) [0m
Completed in 86ms (View: 34, DB: 3) | 200 OK [http://localhost/projects]


Processing ProjectsController#show (for 127.0.0.1 at 2009-05-04 06:45:53) [GET]
  Parameters: {"id"=>"1"}
  [4;35;1mUser Load (1.0ms)[0m   [0mSELECT * FROM "users" WHERE ("users"."id" = 2) [0m
  [4;36;1mProject Load (0.8ms)[0m   [0;1mSELECT * FROM "projects" WHERE ("projects"."id" = 1) [0m
Rendering template within layouts/application
Rendering projects/show
  [4;35;1mUser Load (1.3ms)[0m   [0mSELECT "users".* FROM "users" INNER JOIN "project_memberships" ON "users".id = "project_memberships".user_id WHERE (("project_memberships".project_id = 1) AND ((leaved is null))) [0m
  [4;36;1mTaskType Load (1.1ms)[0m   [0;1mSELECT * FROM "task_types" WHERE ("task_types".project_id = 1) [0m
  [4;35;1mProject Load (1.1ms)[0m   [0mSELECT "projects".* FROM "projects" INNER JOIN "project_memberships" ON "projects".id = "project_memberships".project_id WHERE (("project_memberships".user_id = 2) AND ((leaved is null))) [0m
Completed in 102ms (View: 55, DB: 5) | 200 OK [http://localhost/projects/1]


Processing TaskTypesController#new (for 127.0.0.1 at 2009-05-04 06:46:07) [GET]
  Parameters: {"project_id"=>"1"}
  [4;36;1mUser Load (1.0ms)[0m   [0;1mSELECT * FROM "users" WHERE ("users"."id" = 2) [0m
  [4;35;1mProject Load (0.9ms)[0m   [0mSELECT * FROM "projects" WHERE ("projects"."id" = 1) [0m
Rendering template within layouts/application
Rendering task_types/new
Rendered task_types/_form (15.1ms)
  [4;36;1mProject Load (1.2ms)[0m   [0;1mSELECT "projects".* FROM "projects" INNER JOIN "project_memberships" ON "projects".id = "project_memberships".project_id WHERE (("project_memberships".user_id = 2) AND ((leaved is null))) [0m
Completed in 290ms (View: 93, DB: 3) | 200 OK [http://localhost/projects/1/task_types/new]


Processing TaskTypesController#create (for 127.0.0.1 at 2009-05-04 06:46:18) [POST]
  Parameters: {"task_type"=>{"name"=>"mais uma tarefa", "project_id"=>"1"}, "commit"=>"Criar", "project_id"=>"1", "authenticity_token"=>"w+du9b92pyngi1HWnpbMLfSieo2ZOcYwMSkNX3uj6/U="}
  [4;35;1mUser Load (0.9ms)[0m   [0mSELECT * FROM "users" WHERE ("users"."id" = 2) [0m
  [4;36;1mProject Load (0.8ms)[0m   [0;1mSELECT * FROM "projects" WHERE ("projects"."id" = 1) [0m
  [4;35;1mProject Exists (0.4ms)[0m   [0mSELECT "projects".id FROM "projects" WHERE ("projects"."name" = 'Migração Vale' AND "projects".id <> 1) LIMIT 1[0m
  [4;36;1mTaskType Exists (0.5ms)[0m   [0;1mSELECT "task_types".id FROM "task_types" WHERE ("task_types"."name" = 'mais uma tarefa' AND "task_types".project_id = 1) LIMIT 1[0m
  [4;35;1mTaskType Create (0.8ms)[0m   [0mINSERT INTO "task_types" ("name", "created_at", "project_id", "updated_at") VALUES('mais uma tarefa', '2009-05-04 09:46:18', 1, '2009-05-04 09:46:18')[0m
Redirected to http://localhost:3000/projects/1
Completed in 85ms (DB: 3) | 302 Found [http://localhost/projects/1/task_types]


Processing ProjectsController#show (for 127.0.0.1 at 2009-05-04 06:46:18) [GET]
  Parameters: {"id"=>"1"}
  [4;36;1mUser Load (0.9ms)[0m   [0;1mSELECT * FROM "users" WHERE ("users"."id" = 2) [0m
  [4;35;1mProject Load (0.8ms)[0m   [0mSELECT * FROM "projects" WHERE ("projects"."id" = 1) [0m
Rendering template within layouts/application
Rendering projects/show
  [4;36;1mUser Load (1.4ms)[0m   [0;1mSELECT "users".* FROM "users" INNER JOIN "project_memberships" ON "users".id = "project_memberships".user_id WHERE (("project_memberships".project_id = 1) AND ((leaved is null))) [0m
  [4;35;1mTaskType Load (1.4ms)[0m   [0mSELECT * FROM "task_types" WHERE ("task_types".project_id = 1) [0m
  [4;36;1mProject Load (1.2ms)[0m   [0;1mSELECT "projects".* FROM "projects" INNER JOIN "project_memberships" ON "projects".id = "project_memberships".project_id WHERE (("project_memberships".user_id = 2) AND ((leaved is null))) [0m
Completed in 253ms (View: 207, DB: 6) | 200 OK [http://localhost/projects/1]


Processing TaskTypesController#edit (for 127.0.0.1 at 2009-05-04 06:46:23) [GET]
  Parameters: {"project_id"=>"1", "id"=>"3"}
  [4;35;1mUser Load (0.9ms)[0m   [0mSELECT * FROM "users" WHERE ("users"."id" = 2) [0m
  [4;36;1mTaskType Load (0.8ms)[0m   [0;1mSELECT * FROM "task_types" WHERE ("task_types"."id" = 3) [0m
Rendering template within layouts/application
Rendering task_types/edit

ActionView::TemplateError (project_task_type_url failed to generate from {:action=>"show", :controller=>"task_types", :project_id=>#<TaskType id: 3, name: "mais uma tarefa", project_id: 1, created_at: "2009-05-04 09:46:18", updated_at: "2009-05-04 09:46:18">}, expected: {:action=>"show", :controller=>"task_types"}, diff: {:project_id=>#<TaskType id: 3, name: "mais uma tarefa", project_id: 1, created_at: "2009-05-04 09:46:18", updated_at: "2009-05-04 09:46:18">}) on line #2 of app/views/task_types/edit.html.erb:
1: <h1>Editando a Tarefa </h1>
2: <% form_for([:project, @task_type]) do |f| %> 
3:   <%= render :partial => 'form', :locals => {:f => f} %>
4:   <p><%= f.submit "Atualizar" %></p>
5: <% end %>

    (eval):16:in `project_task_type_path'
    app/views/task_types/edit.html.erb:2

Rendered rescues/_trace (155.3ms)
Rendered rescues/_request_and_response (3.8ms)
Rendering rescues/layout (internal_server_error)


Processing TaskTypesController#edit (for 127.0.0.1 at 2009-05-04 06:46:55) [GET]
  Parameters: {"project_id"=>"1", "id"=>"1"}
  [4;35;1mUser Load (0.9ms)[0m   [0mSELECT * FROM "users" WHERE ("users"."id" = 2) [0m
  [4;36;1mTaskType Load (0.9ms)[0m   [0;1mSELECT * FROM "task_types" WHERE ("task_types"."id" = 1) [0m
Rendering template within layouts/application
Rendering task_types/edit
  [4;35;1mProject Load (0.9ms)[0m   [0mSELECT * FROM "projects" WHERE ("projects"."id" = 1) [0m
Rendered task_types/_form (26.1ms)
  [4;36;1mProject Load (1.2ms)[0m   [0;1mSELECT "projects".* FROM "projects" INNER JOIN "project_memberships" ON "projects".id = "project_memberships".project_id WHERE (("project_memberships".user_id = 2) AND ((leaved is null))) [0m
Completed in 95ms (View: 52, DB: 4) | 200 OK [http://localhost/projects/1/task_types/1/edit]


Processing TaskTypesController#edit (for 127.0.0.1 at 2009-05-04 06:47:00) [GET]
  Parameters: {"project_id"=>"1", "id"=>"3"}
  [4;35;1mUser Load (0.9ms)[0m   [0mSELECT * FROM "users" WHERE ("users"."id" = 2) [0m
  [4;36;1mTaskType Load (0.8ms)[0m   [0;1mSELECT * FROM "task_types" WHERE ("task_types"."id" = 3) [0m
Rendering template within layouts/application
Rendering task_types/edit

ActionView::TemplateError (project_task_type_url failed to generate from {:action=>"show", :controller=>"task_types", :project_id=>#<TaskType id: 3, name: "mais uma tarefa", project_id: 1, created_at: "2009-05-04 09:46:18", updated_at: "2009-05-04 09:46:18">}, expected: {:action=>"show", :controller=>"task_types"}, diff: {:project_id=>#<TaskType id: 3, name: "mais uma tarefa", project_id: 1, created_at: "2009-05-04 09:46:18", updated_at: "2009-05-04 09:46:18">}) on line #2 of app/views/task_types/edit.html.erb:
1: <h1>Editando a Tarefa </h1>
2: <% form_for([:project, @task_type]) do |f| %> 
3:   <%= render :partial => 'form', :locals => {:f => f} %>
4:   <p><%= f.submit "Atualizar" %></p>
5: <% end %>

    (eval):16:in `project_task_type_path'
    app/views/task_types/edit.html.erb:2

Rendered rescues/_trace (264.9ms)
Rendered rescues/_request_and_response (0.8ms)
Rendering rescues/layout (internal_server_error)


Processing TaskTypesController#edit (for 127.0.0.1 at 2009-05-04 06:47:07) [GET]
  Parameters: {"project_id"=>"1", "id"=>"2"}
  [4;35;1mUser Load (0.9ms)[0m   [0mSELECT * FROM "users" WHERE ("users"."id" = 2) [0m
  [4;36;1mTaskType Load (0.8ms)[0m   [0;1mSELECT * FROM "task_types" WHERE ("task_types"."id" = 2) [0m
Rendering template within layouts/application
Rendering task_types/edit

ActionView::TemplateError (project_task_type_url failed to generate from {:action=>"show", :controller=>"task_types", :project_id=>#<TaskType id: 2, name: "subir password no banco antigo", project_id: 1, created_at: "2009-05-03 12:03:07", updated_at: "2009-05-03 12:03:07">}, expected: {:action=>"show", :controller=>"task_types"}, diff: {:project_id=>#<TaskType id: 2, name: "subir password no banco antigo", project_id: 1, created_at: "2009-05-03 12:03:07", updated_at: "2009-05-03 12:03:07">}) on line #2 of app/views/task_types/edit.html.erb:
1: <h1>Editando a Tarefa </h1>
2: <% form_for([:project, @task_type]) do |f| %> 
3:   <%= render :partial => 'form', :locals => {:f => f} %>
4:   <p><%= f.submit "Atualizar" %></p>
5: <% end %>

    (eval):16:in `project_task_type_path'
    app/views/task_types/edit.html.erb:2

Rendered rescues/_trace (289.1ms)
Rendered rescues/_request_and_response (1.0ms)
Rendering rescues/layout (internal_server_error)


Processing TaskTypesController#new (for 127.0.0.1 at 2009-05-04 06:47:11) [GET]
  Parameters: {"project_id"=>"1"}
  [4;35;1mUser Load (0.9ms)[0m   [0mSELECT * FROM "users" WHERE ("users"."id" = 2) [0m
  [4;36;1mProject Load (0.8ms)[0m   [0;1mSELECT * FROM "projects" WHERE ("projects"."id" = 1) [0m
Rendering template within layouts/application
Rendering task_types/new
Rendered task_types/_form (7.1ms)
  [4;35;1mProject Load (1.2ms)[0m   [0mSELECT "projects".* FROM "projects" INNER JOIN "project_memberships" ON "projects".id = "project_memberships".project_id WHERE (("project_memberships".user_id = 2) AND ((leaved is null))) [0m
Completed in 94ms (View: 34, DB: 3) | 200 OK [http://localhost/projects/1/task_types/new]


Processing TaskTypesController#edit (for 127.0.0.1 at 2009-05-04 06:47:18) [GET]
  Parameters: {"project_id"=>"1", "id"=>"1"}
  [4;36;1mUser Load (0.9ms)[0m   [0;1mSELECT * FROM "users" WHERE ("users"."id" = 2) [0m
  [4;35;1mTaskType Load (0.8ms)[0m   [0mSELECT * FROM "task_types" WHERE ("task_types"."id" = 1) [0m
Rendering template within layouts/application
Rendering task_types/edit
  [4;36;1mProject Load (0.8ms)[0m   [0;1mSELECT * FROM "projects" WHERE ("projects"."id" = 1) [0m
Rendered task_types/_form (25.4ms)
  [4;35;1mProject Load (1.2ms)[0m   [0mSELECT "projects".* FROM "projects" INNER JOIN "project_memberships" ON "projects".id = "project_memberships".project_id WHERE (("project_memberships".user_id = 2) AND ((leaved is null))) [0m
Completed in 97ms (View: 56, DB: 4) | 200 OK [http://localhost/projects/1/task_types/1/edit]


Processing TaskTypesController#edit (for 127.0.0.1 at 2009-05-04 06:47:29) [GET]
  Parameters: {"project_id"=>"1", "id"=>"3"}
  [4;36;1mUser Load (1.0ms)[0m   [0;1mSELECT * FROM "users" WHERE ("users"."id" = 2) [0m
  [4;35;1mTaskType Load (0.8ms)[0m   [0mSELECT * FROM "task_types" WHERE ("task_types"."id" = 3) [0m
Rendering template within layouts/application
Rendering task_types/edit

ActionView::TemplateError (project_task_type_url failed to generate from {:action=>"show", :controller=>"task_types", :project_id=>#<TaskType id: 3, name: "mais uma tarefa", project_id: 1, created_at: "2009-05-04 09:46:18", updated_at: "2009-05-04 09:46:18">}, expected: {:action=>"show", :controller=>"task_types"}, diff: {:project_id=>#<TaskType id: 3, name: "mais uma tarefa", project_id: 1, created_at: "2009-05-04 09:46:18", updated_at: "2009-05-04 09:46:18">}) on line #2 of app/views/task_types/edit.html.erb:
1: <h1>Editando a Tarefa </h1>
2: <% form_for([:project, @task_type]) do |f| %> 
3:   <%= render :partial => 'form', :locals => {:f => f} %>
4:   <p><%= f.submit "Atualizar" %></p>
5: <% end %>

    (eval):16:in `project_task_type_path'
    app/views/task_types/edit.html.erb:2

Rendered rescues/_trace (116.3ms)
Rendered rescues/_request_and_response (0.8ms)
Rendering rescues/layout (internal_server_error)


Processing TaskTypesController#edit (for 127.0.0.1 at 2009-05-04 06:56:17) [GET]
  Parameters: {"project_id"=>"1", "id"=>"1"}
  [4;36;1mUser Load (1.1ms)[0m   [0;1mSELECT * FROM "users" WHERE ("users"."id" = 2) [0m
  [4;35;1mTaskType Load (0.9ms)[0m   [0mSELECT * FROM "task_types" WHERE ("task_types"."id" = 1) [0m
Rendering template within layouts/application
Rendering task_types/edit
  [4;36;1mProject Load (0.9ms)[0m   [0;1mSELECT * FROM "projects" WHERE ("projects"."id" = 1) [0m
Rendered task_types/_form (29.7ms)
  [4;35;1mProject Load (1.2ms)[0m   [0mSELECT "projects".* FROM "projects" INNER JOIN "project_memberships" ON "projects".id = "project_memberships".project_id WHERE (("project_memberships".user_id = 2) AND ((leaved is null))) [0m
Completed in 285ms (View: 236, DB: 4) | 200 OK [http://localhost/projects/1/task_types/1/edit]


Processing TaskTypesController#edit (for 127.0.0.1 at 2009-05-04 06:56:18) [GET]
  Parameters: {"project_id"=>"1", "id"=>"1"}
  [4;36;1mUser Load (0.9ms)[0m   [0;1mSELECT * FROM "users" WHERE ("users"."id" = 2) [0m
  [4;35;1mTaskType Load (0.8ms)[0m   [0mSELECT * FROM "task_types" WHERE ("task_types"."id" = 1) [0m
Rendering template within layouts/application
Rendering task_types/edit
  [4;36;1mProject Load (0.8ms)[0m   [0;1mSELECT * FROM "projects" WHERE ("projects"."id" = 1) [0m
Rendered task_types/_form (25.9ms)
  [4;35;1mProject Load (1.2ms)[0m   [0mSELECT "projects".* FROM "projects" INNER JOIN "project_memberships" ON "projects".id = "project_memberships".project_id WHERE (("project_memberships".user_id = 2) AND ((leaved is null))) [0m
Completed in 94ms (View: 52, DB: 4) | 200 OK [http://localhost/projects/1/task_types/1/edit]


Processing TaskTypesController#edit (for 127.0.0.1 at 2009-05-04 06:56:24) [GET]
  Parameters: {"project_id"=>"1", "id"=>"3"}
  [4;36;1mUser Load (0.9ms)[0m   [0;1mSELECT * FROM "users" WHERE ("users"."id" = 2) [0m
  [4;35;1mTaskType Load (0.8ms)[0m   [0mSELECT * FROM "task_types" WHERE ("task_types"."id" = 3) [0m
Rendering template within layouts/application
Rendering task_types/edit

ActionView::TemplateError (project_task_type_url failed to generate from {:action=>"show", :controller=>"task_types", :project_id=>#<TaskType id: 3, name: "mais uma tarefa", project_id: 1, created_at: "2009-05-04 09:46:18", updated_at: "2009-05-04 09:46:18">}, expected: {:action=>"show", :controller=>"task_types"}, diff: {:project_id=>#<TaskType id: 3, name: "mais uma tarefa", project_id: 1, created_at: "2009-05-04 09:46:18", updated_at: "2009-05-04 09:46:18">}) on line #2 of app/views/task_types/edit.html.erb:
1: <h1>Editando a Tarefa </h1>
2: <% form_for([:project, @task_type]) do |f| %> 
3:   <%= render :partial => 'form', :locals => {:f => f} %>
4:   <p><%= f.submit "Atualizar" %></p>
5: <% end %>

    (eval):16:in `project_task_type_path'
    app/views/task_types/edit.html.erb:2

Rendered rescues/_trace (121.0ms)
Rendered rescues/_request_and_response (0.8ms)
Rendering rescues/layout (internal_server_error)


Processing UsersController#show (for 127.0.0.1 at 2009-05-04 07:05:12) [GET]
  Parameters: {"id"=>"1"}
  [4;36;1mUser Load (0.9ms)[0m   [0;1mSELECT * FROM "users" WHERE ("users"."id" = 2) [0m
  [4;35;1mUser Load (0.9ms)[0m   [0mSELECT * FROM "users" WHERE ("users"."id" = 1) [0m
Rendering template within layouts/application
Rendering users/show
  [4;36;1mProject Load (1.2ms)[0m   [0;1mSELECT "projects".* FROM "projects" INNER JOIN "project_memberships" ON "projects".id = "project_memberships".project_id WHERE (("project_memberships".user_id = 2) AND ((leaved is null))) [0m
Completed in 98ms (View: 68, DB: 3) | 200 OK [http://localhost/users/1]


Processing ProjectsController#index (for 127.0.0.1 at 2009-05-04 07:05:18) [GET]
  [4;35;1mUser Load (1.1ms)[0m   [0mSELECT * FROM "users" WHERE ("users"."id" = 2) [0m
  [4;36;1mProject Load (1.1ms)[0m   [0;1mSELECT * FROM "projects" [0m
Rendering template within layouts/application
Rendering projects/index
  [4;35;1mProject Load (1.2ms)[0m   [0mSELECT "projects".* FROM "projects" INNER JOIN "project_memberships" ON "projects".id = "project_memberships".project_id WHERE (("project_memberships".user_id = 2) AND ((leaved is null))) [0m
Completed in 82ms (View: 34, DB: 3) | 200 OK [http://localhost/projects]


Processing ProjectsController#show (for 127.0.0.1 at 2009-05-04 07:05:20) [GET]
  Parameters: {"id"=>"1"}
  [4;36;1mUser Load (0.9ms)[0m   [0;1mSELECT * FROM "users" WHERE ("users"."id" = 2) [0m
  [4;35;1mProject Load (0.8ms)[0m   [0mSELECT * FROM "projects" WHERE ("projects"."id" = 1) [0m
Rendering template within layouts/application
Rendering projects/show
  [4;36;1mUser Load (1.3ms)[0m   [0;1mSELECT "users".* FROM "users" INNER JOIN "project_memberships" ON "users".id = "project_memberships".user_id WHERE (("project_memberships".project_id = 1) AND ((leaved is null))) [0m
  [4;35;1mTaskType Load (1.2ms)[0m   [0mSELECT * FROM "task_types" WHERE ("task_types".project_id = 1) [0m
  [4;36;1mProject Load (1.3ms)[0m   [0;1mSELECT "projects".* FROM "projects" INNER JOIN "project_memberships" ON "projects".id = "project_memberships".project_id WHERE (("project_memberships".user_id = 2) AND ((leaved is null))) [0m
Completed in 102ms (View: 55, DB: 5) | 200 OK [http://localhost/projects/1]


Processing ProjectsController#show (for 127.0.0.1 at 2009-05-04 07:05:38) [GET]
  Parameters: {"id"=>"2"}
  [4;35;1mUser Load (0.9ms)[0m   [0mSELECT * FROM "users" WHERE ("users"."id" = 2) [0m
  [4;36;1mProject Load (1.0ms)[0m   [0;1mSELECT * FROM "projects" WHERE ("projects"."id" = 2) [0m
Rendering template within layouts/application
Rendering projects/show
  [4;35;1mUser Load (1.5ms)[0m   [0mSELECT "users".* FROM "users" INNER JOIN "project_memberships" ON "users".id = "project_memberships".user_id WHERE (("project_memberships".project_id = 2) AND ((leaved is null))) [0m
  [4;36;1mTaskType Load (0.6ms)[0m   [0;1mSELECT * FROM "task_types" WHERE ("task_types".project_id = 2) [0m
  [4;35;1mProject Load (1.2ms)[0m   [0mSELECT "projects".* FROM "projects" INNER JOIN "project_memberships" ON "projects".id = "project_memberships".project_id WHERE (("project_memberships".user_id = 2) AND ((leaved is null))) [0m
Completed in 264ms (View: 52, DB: 5) | 200 OK [http://localhost/projects/2]


Processing ProjectsController#show (for 127.0.0.1 at 2009-05-04 07:05:53) [GET]
  Parameters: {"id"=>"1"}
  [4;36;1mUser Load (0.9ms)[0m   [0;1mSELECT * FROM "users" WHERE ("users"."id" = 2) [0m
  [4;35;1mProject Load (0.8ms)[0m   [0mSELECT * FROM "projects" WHERE ("projects"."id" = 1) [0m
Rendering template within layouts/application
Rendering projects/show
  [4;36;1mUser Load (1.3ms)[0m   [0;1mSELECT "users".* FROM "users" INNER JOIN "project_memberships" ON "users".id = "project_memberships".user_id WHERE (("project_memberships".project_id = 1) AND ((leaved is null))) [0m
  [4;35;1mTaskType Load (1.3ms)[0m   [0mSELECT * FROM "task_types" WHERE ("task_types".project_id = 1) [0m
  [4;36;1mProject Load (1.1ms)[0m   [0;1mSELECT "projects".* FROM "projects" INNER JOIN "project_memberships" ON "projects".id = "project_memberships".project_id WHERE (("project_memberships".user_id = 2) AND ((leaved is null))) [0m
Completed in 101ms (View: 55, DB: 5) | 200 OK [http://localhost/projects/1]


Processing TaskTypesController#edit (for 127.0.0.1 at 2009-05-04 07:05:59) [GET]
  Parameters: {"project_id"=>"1", "id"=>"1"}
  [4;35;1mUser Load (0.9ms)[0m   [0mSELECT * FROM "users" WHERE ("users"."id" = 2) [0m
  [4;36;1mTaskType Load (0.9ms)[0m   [0;1mSELECT * FROM "task_types" WHERE ("task_types"."id" = 1) [0m
Rendering template within layouts/application
Rendering task_types/edit
  [4;35;1mProject Load (0.9ms)[0m   [0mSELECT * FROM "projects" WHERE ("projects"."id" = 1) [0m
Rendered task_types/_form (178.8ms)
  [4;36;1mProject Load (1.2ms)[0m   [0;1mSELECT "projects".* FROM "projects" INNER JOIN "project_memberships" ON "projects".id = "project_memberships".project_id WHERE (("project_memberships".user_id = 2) AND ((leaved is null))) [0m
Completed in 258ms (View: 217, DB: 4) | 200 OK [http://localhost/projects/1/task_types/1/edit]


Processing TaskTypesController#edit (for 127.0.0.1 at 2009-05-04 07:06:09) [GET]
  Parameters: {"project_id"=>"1", "id"=>"3"}
  [4;35;1mUser Load (0.9ms)[0m   [0mSELECT * FROM "users" WHERE ("users"."id" = 2) [0m
  [4;36;1mTaskType Load (0.9ms)[0m   [0;1mSELECT * FROM "task_types" WHERE ("task_types"."id" = 3) [0m
Rendering template within layouts/application
Rendering task_types/edit

ActionView::TemplateError (project_task_type_url failed to generate from {:action=>"show", :controller=>"task_types", :project_id=>#<TaskType id: 3, name: "mais uma tarefa", project_id: 1, created_at: "2009-05-04 09:46:18", updated_at: "2009-05-04 09:46:18">}, expected: {:action=>"show", :controller=>"task_types"}, diff: {:project_id=>#<TaskType id: 3, name: "mais uma tarefa", project_id: 1, created_at: "2009-05-04 09:46:18", updated_at: "2009-05-04 09:46:18">}) on line #2 of app/views/task_types/edit.html.erb:
1: <h1>Editando a Tarefa </h1>
2: <% form_for([:project, @task_type]) do |f| %> 
3:   <%= render :partial => 'form', :locals => {:f => f} %>
4:   <p><%= f.submit "Atualizar" %></p>
5: <% end %>

    (eval):16:in `project_task_type_path'
    app/views/task_types/edit.html.erb:2

Rendered rescues/_trace (114.3ms)
Rendered rescues/_request_and_response (0.8ms)
Rendering rescues/layout (internal_server_error)


Processing TaskTypesController#edit (for 127.0.0.1 at 2009-05-04 07:06:26) [GET]
  Parameters: {"project_id"=>"1", "id"=>"1"}
  [4;35;1mUser Load (1.0ms)[0m   [0mSELECT * FROM "users" WHERE ("users"."id" = 2) [0m
  [4;36;1mTaskType Load (0.8ms)[0m   [0;1mSELECT * FROM "task_types" WHERE ("task_types"."id" = 1) [0m
Rendering template within layouts/application
Rendering task_types/edit
  [4;35;1mProject Load (0.9ms)[0m   [0mSELECT * FROM "projects" WHERE ("projects"."id" = 1) [0m
Rendered task_types/_form (26.4ms)
  [4;36;1mProject Load (1.1ms)[0m   [0;1mSELECT "projects".* FROM "projects" INNER JOIN "project_memberships" ON "projects".id = "project_memberships".project_id WHERE (("project_memberships".user_id = 2) AND ((leaved is null))) [0m
Completed in 99ms (View: 54, DB: 4) | 200 OK [http://localhost/projects/1/task_types/1/edit]


Processing TaskTypesController#edit (for 127.0.0.1 at 2009-05-04 07:16:58) [GET]
  Parameters: {"project_id"=>"1", "id"=>"3"}
  [4;35;1mUser Load (0.9ms)[0m   [0mSELECT * FROM "users" WHERE ("users"."id" = 2) [0m
  [4;36;1mTaskType Load (0.8ms)[0m   [0;1mSELECT * FROM "task_types" WHERE ("task_types"."id" = 3) [0m
Rendering template within layouts/application
Rendering task_types/edit

ActionView::TemplateError (project_task_type_url failed to generate from {:action=>"show", :controller=>"task_types", :project_id=>#<TaskType id: 3, name: "mais uma tarefa", project_id: 1, created_at: "2009-05-04 09:46:18", updated_at: "2009-05-04 09:46:18">}, expected: {:action=>"show", :controller=>"task_types"}, diff: {:project_id=>#<TaskType id: 3, name: "mais uma tarefa", project_id: 1, created_at: "2009-05-04 09:46:18", updated_at: "2009-05-04 09:46:18">}) on line #2 of app/views/task_types/edit.html.erb:
1: <h1>Editando a Tarefa </h1>
2: <% form_for([:project, @task_type]) do |f| %> 
3:   <%= render :partial => 'form', :locals => {:f => f} %>
4:   <p><%= f.submit "Atualizar" %></p>
5: <% end %>

    (eval):16:in `project_task_type_path'
    app/views/task_types/edit.html.erb:2

Rendered rescues/_trace (266.8ms)
Rendered rescues/_request_and_response (0.8ms)
Rendering rescues/layout (internal_server_error)


Processing TaskTypesController#3 (for 127.0.0.1 at 2009-05-04 07:17:52) [GET]
  Parameters: {"id"=>"edit"}
  [4;35;1mUser Load (1.3ms)[0m   [0mSELECT * FROM "users" WHERE ("users"."id" = 2) [0m

ActionController::UnknownAction (No action responded to 3. Actions: create, destroy, edit, new, and update):
  

Rendering rescues/layout (not_found)


Processing TaskTypesController#edit (for 127.0.0.1 at 2009-05-04 07:32:08) [GET]
  Parameters: {"project_id"=>"1", "id"=>"1"}
  [4;36;1mUser Load (0.9ms)[0m   [0;1mSELECT * FROM "users" WHERE ("users"."id" = 2) [0m
  [4;35;1mTaskType Load (0.8ms)[0m   [0mSELECT * FROM "task_types" WHERE ("task_types"."id" = 1) [0m
Rendering template within layouts/application
Rendering task_types/edit
  [4;36;1mProject Load (0.8ms)[0m   [0;1mSELECT * FROM "projects" WHERE ("projects"."id" = 1) [0m
  [4;35;1mProject Load (1.6ms)[0m   [0mSELECT "projects".* FROM "projects" INNER JOIN "project_memberships" ON "projects".id = "project_memberships".project_id WHERE (("project_memberships".user_id = 2) AND ((leaved is null))) [0m
Completed in 114ms (View: 67, DB: 4) | 200 OK [http://localhost/projects/1/task_types/1/edit]


Processing TaskTypesController#edit (for 127.0.0.1 at 2009-05-04 07:32:12) [GET]
  Parameters: {"project_id"=>"1", "id"=>"3"}
  [4;36;1mUser Load (1.0ms)[0m   [0;1mSELECT * FROM "users" WHERE ("users"."id" = 2) [0m
  [4;35;1mTaskType Load (0.9ms)[0m   [0mSELECT * FROM "task_types" WHERE ("task_types"."id" = 3) [0m
Rendering template within layouts/application
Rendering task_types/edit

ActionView::TemplateError (project_task_type_url failed to generate from {:action=>"show", :controller=>"task_types", :project_id=>#<TaskType id: 3, name: "mais uma tarefa", project_id: 1, created_at: "2009-05-04 09:46:18", updated_at: "2009-05-04 09:46:18">}, expected: {:action=>"show", :controller=>"task_types"}, diff: {:project_id=>#<TaskType id: 3, name: "mais uma tarefa", project_id: 1, created_at: "2009-05-04 09:46:18", updated_at: "2009-05-04 09:46:18">}) on line #2 of app/views/task_types/edit.html.erb:
1: <h1>Editando a Tarefa </h1>
2: <% form_for([:project, @task_type]) do |f| %> 
3:   <%= f.hidden_field :project_id %>
4:   <%= f.error_messages %>
5:   <p>Projeto: <%= @task_type.project.name %></p>

    (eval):16:in `project_task_type_path'
    app/views/task_types/edit.html.erb:2

Rendered rescues/_trace (117.5ms)
Rendered rescues/_request_and_response (0.8ms)
Rendering rescues/layout (internal_server_error)


Processing TaskTypesController#edit (for 127.0.0.1 at 2009-05-04 07:32:20) [GET]
  Parameters: {"project_id"=>"1", "id"=>"2"}
  [4;36;1mUser Load (0.9ms)[0m   [0;1mSELECT * FROM "users" WHERE ("users"."id" = 2) [0m
  [4;35;1mTaskType Load (0.8ms)[0m   [0mSELECT * FROM "task_types" WHERE ("task_types"."id" = 2) [0m
Rendering template within layouts/application
Rendering task_types/edit

ActionView::TemplateError (project_task_type_url failed to generate from {:action=>"show", :controller=>"task_types", :project_id=>#<TaskType id: 2, name: "subir password no banco antigo", project_id: 1, created_at: "2009-05-03 12:03:07", updated_at: "2009-05-03 12:03:07">}, expected: {:action=>"show", :controller=>"task_types"}, diff: {:project_id=>#<TaskType id: 2, name: "subir password no banco antigo", project_id: 1, created_at: "2009-05-03 12:03:07", updated_at: "2009-05-03 12:03:07">}) on line #2 of app/views/task_types/edit.html.erb:
1: <h1>Editando a Tarefa </h1>
2: <% form_for([:project, @task_type]) do |f| %> 
3:   <%= f.hidden_field :project_id %>
4:   <%= f.error_messages %>
5:   <p>Projeto: <%= @task_type.project.name %></p>

    (eval):16:in `project_task_type_path'
    app/views/task_types/edit.html.erb:2

Rendered rescues/_trace (118.2ms)
Rendered rescues/_request_and_response (0.8ms)
Rendering rescues/layout (internal_server_error)


Processing TaskTypesController#new (for 127.0.0.1 at 2009-05-04 07:32:41) [GET]
  Parameters: {"project_id"=>"1"}
  [4;36;1mUser Load (0.9ms)[0m   [0;1mSELECT * FROM "users" WHERE ("users"."id" = 2) [0m
  [4;35;1mProject Load (0.8ms)[0m   [0mSELECT * FROM "projects" WHERE ("projects"."id" = 1) [0m
Rendering template within layouts/application
Rendering task_types/new
  [4;36;1mProject Load (1.2ms)[0m   [0;1mSELECT "projects".* FROM "projects" INNER JOIN "project_memberships" ON "projects".id = "project_memberships".project_id WHERE (("project_memberships".user_id = 2) AND ((leaved is null))) [0m
Completed in 96ms (View: 38, DB: 3) | 200 OK [http://localhost/projects/1/task_types/new]


Processing TaskTypesController#edit (for 127.0.0.1 at 2009-05-04 07:32:45) [GET]
  Parameters: {"project_id"=>"1", "id"=>"1"}
  [4;35;1mUser Load (1.1ms)[0m   [0mSELECT * FROM "users" WHERE ("users"."id" = 2) [0m
  [4;36;1mTaskType Load (0.9ms)[0m   [0;1mSELECT * FROM "task_types" WHERE ("task_types"."id" = 1) [0m
Rendering template within layouts/application
Rendering task_types/edit
  [4;35;1mProject Load (0.8ms)[0m   [0mSELECT * FROM "projects" WHERE ("projects"."id" = 1) [0m
  [4;36;1mProject Load (1.2ms)[0m   [0;1mSELECT "projects".* FROM "projects" INNER JOIN "project_memberships" ON "projects".id = "project_memberships".project_id WHERE (("project_memberships".user_id = 2) AND ((leaved is null))) [0m
Completed in 98ms (View: 53, DB: 4) | 200 OK [http://localhost/projects/1/task_types/1/edit]


Processing ProjectsController#index (for 127.0.0.1 at 2009-05-05 06:26:58) [GET]
Redirected to http://localhost:3000/sessions/new
Filter chain halted as [:login_required] rendered_or_redirected.
Completed in 24ms (DB: 0) | 302 Found [http://localhost/]


Processing SessionsController#new (for 127.0.0.1 at 2009-05-05 06:26:58) [GET]
Rendering template within layouts/sessions
Rendering sessions/new
Completed in 43ms (View: 36, DB: 0) | 200 OK [http://localhost/sessions/new]


Processing SessionsController#create (for 127.0.0.1 at 2009-05-05 06:27:07) [POST]
  Parameters: {"commit"=>"Log On", "authenticity_token"=>"2yNERVtXmlUt2+Zu4NH3WD3PqbUl2+Ypulb56HQGYFw=", "login"=>"fernando", "password"=>"macaco"}
  [4;36;1mUser Load (2.5ms)[0m   [0;1mSELECT * FROM "users" WHERE ((login = 'fernando' or email = 'fernando') and password = 'macaco') LIMIT 1[0m
Redirected to http://localhost:3000/
Completed in 102ms (DB: 2) | 302 Found [http://localhost/sessions]


Processing ProjectsController#index (for 127.0.0.1 at 2009-05-05 06:27:07) [GET]
  [4;35;1mUser Load (1.0ms)[0m   [0mSELECT * FROM "users" WHERE ("users"."id" = 2) [0m
  [4;36;1mProject Load (1.1ms)[0m   [0;1mSELECT * FROM "projects" [0m
Rendering template within layouts/application
Rendering projects/index
  [4;35;1mProject Load (1.3ms)[0m   [0mSELECT "projects".* FROM "projects" INNER JOIN "project_memberships" ON "projects".id = "project_memberships".project_id WHERE (("project_memberships".user_id = 2) AND ((leaved is null))) [0m
Completed in 191ms (View: 80, DB: 3) | 200 OK [http://localhost/]


Processing ProjectsController#show (for 127.0.0.1 at 2009-05-05 06:27:31) [GET]
  Parameters: {"id"=>"1"}
  [4;36;1mUser Load (0.9ms)[0m   [0;1mSELECT * FROM "users" WHERE ("users"."id" = 2) [0m
  [4;35;1mProject Load (0.8ms)[0m   [0mSELECT * FROM "projects" WHERE ("projects"."id" = 1) [0m
Rendering template within layouts/application
Rendering projects/show
  [4;36;1mUser Load (1.3ms)[0m   [0;1mSELECT "users".* FROM "users" INNER JOIN "project_memberships" ON "users".id = "project_memberships".user_id WHERE (("project_memberships".project_id = 1) AND ((leaved is null))) [0m
  [4;35;1mTaskType Load (1.3ms)[0m   [0mSELECT * FROM "task_types" WHERE ("task_types".project_id = 1) [0m
  [4;36;1mProject Load (1.2ms)[0m   [0;1mSELECT "projects".* FROM "projects" INNER JOIN "project_memberships" ON "projects".id = "project_memberships".project_id WHERE (("project_memberships".user_id = 2) AND ((leaved is null))) [0m
Completed in 117ms (View: 70, DB: 5) | 200 OK [http://localhost/projects/1]


Processing ProjectsController#show (for 127.0.0.1 at 2009-05-05 06:27:31) [GET]
  Parameters: {"id"=>"1"}
  [4;35;1mUser Load (1.0ms)[0m   [0mSELECT * FROM "users" WHERE ("users"."id" = 2) [0m
  [4;36;1mProject Load (0.9ms)[0m   [0;1mSELECT * FROM "projects" WHERE ("projects"."id" = 1) [0m
Rendering template within layouts/application
Rendering projects/show
  [4;35;1mUser Load (1.4ms)[0m   [0mSELECT "users".* FROM "users" INNER JOIN "project_memberships" ON "users".id = "project_memberships".user_id WHERE (("project_memberships".project_id = 1) AND ((leaved is null))) [0m
  [4;36;1mTaskType Load (1.4ms)[0m   [0;1mSELECT * FROM "task_types" WHERE ("task_types".project_id = 1) [0m
  [4;35;1mProject Load (1.1ms)[0m   [0mSELECT "projects".* FROM "projects" INNER JOIN "project_memberships" ON "projects".id = "project_memberships".project_id WHERE (("project_memberships".user_id = 2) AND ((leaved is null))) [0m
Completed in 106ms (View: 56, DB: 6) | 200 OK [http://localhost/projects/1]


Processing ProjectsController#index (for 127.0.0.1 at 2009-05-05 06:27:48) [GET]
  [4;36;1mUser Load (0.9ms)[0m   [0;1mSELECT * FROM "users" WHERE ("users"."id" = 2) [0m
  [4;35;1mProject Load (1.0ms)[0m   [0mSELECT * FROM "projects" [0m
Rendering template within layouts/application
Rendering projects/index
  [4;36;1mProject Load (1.1ms)[0m   [0;1mSELECT "projects".* FROM "projects" INNER JOIN "project_memberships" ON "projects".id = "project_memberships".project_id WHERE (("project_memberships".user_id = 2) AND ((leaved is null))) [0m
Completed in 73ms (View: 32, DB: 3) | 200 OK [http://localhost/projects]


Processing ProjectsController#show (for 127.0.0.1 at 2009-05-05 06:27:50) [GET]
  Parameters: {"id"=>"2"}
  [4;35;1mUser Load (1.0ms)[0m   [0mSELECT * FROM "users" WHERE ("users"."id" = 2) [0m
  [4;36;1mProject Load (0.9ms)[0m   [0;1mSELECT * FROM "projects" WHERE ("projects"."id" = 2) [0m
Rendering template within layouts/application
Rendering projects/show
  [4;35;1mUser Load (1.1ms)[0m   [0mSELECT "users".* FROM "users" INNER JOIN "project_memberships" ON "users".id = "project_memberships".user_id WHERE (("project_memberships".project_id = 2) AND ((leaved is null))) [0m
  [4;36;1mTaskType Load (0.6ms)[0m   [0;1mSELECT * FROM "task_types" WHERE ("task_types".project_id = 2) [0m
  [4;35;1mProject Load (1.2ms)[0m   [0mSELECT "projects".* FROM "projects" INNER JOIN "project_memberships" ON "projects".id = "project_memberships".project_id WHERE (("project_memberships".user_id = 2) AND ((leaved is null))) [0m
Completed in 240ms (View: 48, DB: 5) | 200 OK [http://localhost/projects/2]


Processing TaskTypesController#new (for 127.0.0.1 at 2009-05-05 06:27:52) [GET]
  Parameters: {"project_id"=>"2"}
  [4;36;1mUser Load (0.9ms)[0m   [0;1mSELECT * FROM "users" WHERE ("users"."id" = 2) [0m
  [4;35;1mProject Load (0.9ms)[0m   [0mSELECT * FROM "projects" WHERE ("projects"."id" = 2) [0m
Rendering template within layouts/application
Rendering task_types/new
  [4;36;1mProject Load (1.6ms)[0m   [0;1mSELECT "projects".* FROM "projects" INNER JOIN "project_memberships" ON "projects".id = "project_memberships".project_id WHERE (("project_memberships".user_id = 2) AND ((leaved is null))) [0m
Completed in 119ms (View: 59, DB: 3) | 200 OK [http://localhost/projects/2/task_types/new]


Processing TaskTypesController#create (for 127.0.0.1 at 2009-05-05 06:28:05) [POST]
  Parameters: {"task_type"=>{"name"=>"Formular proposta.", "project_id"=>"2"}, "commit"=>"Criar", "project_id"=>"2", "authenticity_token"=>"2yNERVtXmlUt2+Zu4NH3WD3PqbUl2+Ypulb56HQGYFw="}
  [4;35;1mUser Load (1.0ms)[0m   [0mSELECT * FROM "users" WHERE ("users"."id" = 2) [0m
  [4;36;1mProject Load (1.0ms)[0m   [0;1mSELECT * FROM "projects" WHERE ("projects"."id" = 2) [0m
  [4;35;1mProject Exists (0.5ms)[0m   [0mSELECT "projects".id FROM "projects" WHERE ("projects"."name" = 'Criação da UNV' AND "projects".id <> 2) LIMIT 1[0m
  [4;36;1mTaskType Exists (0.4ms)[0m   [0;1mSELECT "task_types".id FROM "task_types" WHERE ("task_types"."name" = 'Formular proposta.' AND "task_types".project_id = 2) LIMIT 1[0m
  [4;35;1mTaskType Create (0.9ms)[0m   [0mINSERT INTO "task_types" ("name", "created_at", "project_id", "updated_at") VALUES('Formular proposta.', '2009-05-05 09:28:05', 2, '2009-05-05 09:28:05')[0m
Redirected to http://localhost:3000/projects/2
Completed in 233ms (DB: 4) | 302 Found [http://localhost/projects/2/task_types]


Processing ProjectsController#show (for 127.0.0.1 at 2009-05-05 06:28:05) [GET]
  Parameters: {"id"=>"2"}
  [4;36;1mUser Load (0.9ms)[0m   [0;1mSELECT * FROM "users" WHERE ("users"."id" = 2) [0m
  [4;35;1mProject Load (0.9ms)[0m   [0mSELECT * FROM "projects" WHERE ("projects"."id" = 2) [0m
Rendering template within layouts/application
Rendering projects/show
  [4;36;1mUser Load (1.3ms)[0m   [0;1mSELECT "users".* FROM "users" INNER JOIN "project_memberships" ON "users".id = "project_memberships".user_id WHERE (("project_memberships".project_id = 2) AND ((leaved is null))) [0m
  [4;35;1mTaskType Load (0.9ms)[0m   [0mSELECT * FROM "task_types" WHERE ("task_types".project_id = 2) [0m
  [4;36;1mProject Load (1.2ms)[0m   [0;1mSELECT "projects".* FROM "projects" INNER JOIN "project_memberships" ON "projects".id = "project_memberships".project_id WHERE (("project_memberships".user_id = 2) AND ((leaved is null))) [0m
Completed in 98ms (View: 52, DB: 5) | 200 OK [http://localhost/projects/2]


Processing TaskTypesController#new (for 127.0.0.1 at 2009-05-05 06:28:09) [GET]
  Parameters: {"project_id"=>"2"}
  [4;35;1mUser Load (0.9ms)[0m   [0mSELECT * FROM "users" WHERE ("users"."id" = 2) [0m
  [4;36;1mProject Load (0.8ms)[0m   [0;1mSELECT * FROM "projects" WHERE ("projects"."id" = 2) [0m
Rendering template within layouts/application
Rendering task_types/new
  [4;35;1mProject Load (1.2ms)[0m   [0mSELECT "projects".* FROM "projects" INNER JOIN "project_memberships" ON "projects".id = "project_memberships".project_id WHERE (("project_memberships".user_id = 2) AND ((leaved is null))) [0m
Completed in 237ms (View: 177, DB: 3) | 200 OK [http://localhost/projects/2/task_types/new]


Processing TaskTypesController#create (for 127.0.0.1 at 2009-05-05 06:28:40) [POST]
  Parameters: {"task_type"=>{"name"=>"Negociar as clausulas.", "project_id"=>"2"}, "commit"=>"Criar", "project_id"=>"2", "authenticity_token"=>"2yNERVtXmlUt2+Zu4NH3WD3PqbUl2+Ypulb56HQGYFw="}
  [4;36;1mUser Load (1.0ms)[0m   [0;1mSELECT * FROM "users" WHERE ("users"."id" = 2) [0m
  [4;35;1mProject Load (0.9ms)[0m   [0mSELECT * FROM "projects" WHERE ("projects"."id" = 2) [0m
  [4;36;1mProject Exists (0.5ms)[0m   [0;1mSELECT "projects".id FROM "projects" WHERE ("projects"."name" = 'Criação da UNV' AND "projects".id <> 2) LIMIT 1[0m
  [4;35;1mTaskType Exists (0.4ms)[0m   [0mSELECT "task_types".id FROM "task_types" WHERE ("task_types"."name" = 'Negociar as clausulas.' AND "task_types".project_id = 2) LIMIT 1[0m
  [4;36;1mTaskType Create (0.8ms)[0m   [0;1mINSERT INTO "task_types" ("name", "created_at", "project_id", "updated_at") VALUES('Negociar as clausulas.', '2009-05-05 09:28:40', 2, '2009-05-05 09:28:40')[0m
Redirected to http://localhost:3000/projects/2
Completed in 88ms (DB: 4) | 302 Found [http://localhost/projects/2/task_types]


Processing ProjectsController#show (for 127.0.0.1 at 2009-05-05 06:28:41) [GET]
  Parameters: {"id"=>"2"}
  [4;35;1mUser Load (0.9ms)[0m   [0mSELECT * FROM "users" WHERE ("users"."id" = 2) [0m
  [4;36;1mProject Load (0.8ms)[0m   [0;1mSELECT * FROM "projects" WHERE ("projects"."id" = 2) [0m
Rendering template within layouts/application
Rendering projects/show
  [4;35;1mUser Load (1.1ms)[0m   [0mSELECT "users".* FROM "users" INNER JOIN "project_memberships" ON "users".id = "project_memberships".user_id WHERE (("project_memberships".project_id = 2) AND ((leaved is null))) [0m
  [4;36;1mTaskType Load (1.1ms)[0m   [0;1mSELECT * FROM "task_types" WHERE ("task_types".project_id = 2) [0m
  [4;35;1mProject Load (1.1ms)[0m   [0mSELECT "projects".* FROM "projects" INNER JOIN "project_memberships" ON "projects".id = "project_memberships".project_id WHERE (("project_memberships".user_id = 2) AND ((leaved is null))) [0m
Completed in 97ms (View: 52, DB: 5) | 200 OK [http://localhost/projects/2]


Processing TaskTypesController#edit (for 127.0.0.1 at 2009-05-05 06:28:44) [GET]
  Parameters: {"project_id"=>"2", "id"=>"4"}
  [4;36;1mUser Load (1.0ms)[0m   [0;1mSELECT * FROM "users" WHERE ("users"."id" = 2) [0m
  [4;35;1mTaskType Load (0.9ms)[0m   [0mSELECT * FROM "task_types" WHERE ("task_types"."id" = 4) [0m
Rendering template within layouts/application
Rendering task_types/edit

ActionView::TemplateError (project_task_type_url failed to generate from {:action=>"show", :controller=>"task_types", :project_id=>#<TaskType id: 4, name: "Formular proposta.", project_id: 2, created_at: "2009-05-05 09:28:05", updated_at: "2009-05-05 09:28:05">}, expected: {:action=>"show", :controller=>"task_types"}, diff: {:project_id=>#<TaskType id: 4, name: "Formular proposta.", project_id: 2, created_at: "2009-05-05 09:28:05", updated_at: "2009-05-05 09:28:05">}) on line #2 of app/views/task_types/edit.html.erb:
1: <h1>Editando a Tarefa </h1>
2: <% form_for([:project, @task_type]) do |f| %> 
3:   <%= f.hidden_field :project_id %>
4:   <%= f.error_messages %>
5:   <p>Projeto: <%= @task_type.project.name %></p>

    (eval):16:in `project_task_type_path'
    app/views/task_types/edit.html.erb:2

Rendered rescues/_trace (131.3ms)
Rendered rescues/_request_and_response (3.5ms)
Rendering rescues/layout (internal_server_error)


Processing ProjectsController#index (for 127.0.0.1 at 2009-05-05 06:28:57) [GET]
  [4;36;1mUser Load (0.9ms)[0m   [0;1mSELECT * FROM "users" WHERE ("users"."id" = 2) [0m
  [4;35;1mProject Load (1.0ms)[0m   [0mSELECT * FROM "projects" [0m
Rendering template within layouts/application
Rendering projects/index
  [4;36;1mProject Load (1.2ms)[0m   [0;1mSELECT "projects".* FROM "projects" INNER JOIN "project_memberships" ON "projects".id = "project_memberships".project_id WHERE (("project_memberships".user_id = 2) AND ((leaved is null))) [0m
Completed in 243ms (View: 35, DB: 3) | 200 OK [http://localhost/projects]


Processing ProjectsController#show (for 127.0.0.1 at 2009-05-05 06:28:59) [GET]
  Parameters: {"id"=>"1"}
  [4;35;1mUser Load (0.9ms)[0m   [0mSELECT * FROM "users" WHERE ("users"."id" = 2) [0m
  [4;36;1mProject Load (0.9ms)[0m   [0;1mSELECT * FROM "projects" WHERE ("projects"."id" = 1) [0m
Rendering template within layouts/application
Rendering projects/show
  [4;35;1mUser Load (1.3ms)[0m   [0mSELECT "users".* FROM "users" INNER JOIN "project_memberships" ON "users".id = "project_memberships".user_id WHERE (("project_memberships".project_id = 1) AND ((leaved is null))) [0m
  [4;36;1mTaskType Load (1.2ms)[0m   [0;1mSELECT * FROM "task_types" WHERE ("task_types".project_id = 1) [0m
  [4;35;1mProject Load (1.1ms)[0m   [0mSELECT "projects".* FROM "projects" INNER JOIN "project_memberships" ON "projects".id = "project_memberships".project_id WHERE (("project_memberships".user_id = 2) AND ((leaved is null))) [0m
Completed in 101ms (View: 55, DB: 5) | 200 OK [http://localhost/projects/1]


Processing TaskTypesController#edit (for 127.0.0.1 at 2009-05-05 06:29:02) [GET]
  Parameters: {"project_id"=>"1", "id"=>"1"}
  [4;36;1mUser Load (0.9ms)[0m   [0;1mSELECT * FROM "users" WHERE ("users"."id" = 2) [0m
  [4;35;1mTaskType Load (0.8ms)[0m   [0mSELECT * FROM "task_types" WHERE ("task_types"."id" = 1) [0m
Rendering template within layouts/application
Rendering task_types/edit
  [4;36;1mProject Load (1.0ms)[0m   [0;1mSELECT * FROM "projects" WHERE ("projects"."id" = 1) [0m
  [4;35;1mProject Load (1.2ms)[0m   [0mSELECT "projects".* FROM "projects" INNER JOIN "project_memberships" ON "projects".id = "project_memberships".project_id WHERE (("project_memberships".user_id = 2) AND ((leaved is null))) [0m
Completed in 242ms (View: 201, DB: 4) | 200 OK [http://localhost/projects/1/task_types/1/edit]


Processing TaskTypesController#edit (for 127.0.0.1 at 2009-05-05 06:29:06) [GET]
  Parameters: {"project_id"=>"1", "id"=>"3"}
  [4;36;1mUser Load (0.9ms)[0m   [0;1mSELECT * FROM "users" WHERE ("users"."id" = 2) [0m
  [4;35;1mTaskType Load (0.8ms)[0m   [0mSELECT * FROM "task_types" WHERE ("task_types"."id" = 3) [0m
Rendering template within layouts/application
Rendering task_types/edit

ActionView::TemplateError (project_task_type_url failed to generate from {:action=>"show", :controller=>"task_types", :project_id=>#<TaskType id: 3, name: "mais uma tarefa", project_id: 1, created_at: "2009-05-04 09:46:18", updated_at: "2009-05-04 09:46:18">}, expected: {:action=>"show", :controller=>"task_types"}, diff: {:project_id=>#<TaskType id: 3, name: "mais uma tarefa", project_id: 1, created_at: "2009-05-04 09:46:18", updated_at: "2009-05-04 09:46:18">}) on line #2 of app/views/task_types/edit.html.erb:
1: <h1>Editando a Tarefa </h1>
2: <% form_for([:project, @task_type]) do |f| %> 
3:   <%= f.hidden_field :project_id %>
4:   <%= f.error_messages %>
5:   <p>Projeto: <%= @task_type.project.name %></p>

    (eval):16:in `project_task_type_path'
    app/views/task_types/edit.html.erb:2

Rendered rescues/_trace (113.0ms)
Rendered rescues/_request_and_response (0.9ms)
Rendering rescues/layout (internal_server_error)
